app/build/outputs/logs/manifest-merger-debug-report.txt
-- Merging decision tree log ---
manifest
ADDED from src/main/AndroidManifest.xml:2:1-57:12
	package
		ADDED from src/main/AndroidManifest.xml:3:11-43
		INJECTED from src/main/AndroidManifest.xml
		INJECTED from src/main/AndroidManifest.xml
	android:versionName
		ADDED from src/main/AndroidManifest.xml:5:11-36
		INJECTED from src/main/AndroidManifest.xml
		INJECTED from src/main/AndroidManifest.xml
	android:versionCode
		ADDED from src/main/AndroidManifest.xml:4:11-34
		INJECTED from src/main/AndroidManifest.xml
		INJECTED from src/main/AndroidManifest.xml
	xmlns:android
		ADDED from src/main/AndroidManifest.xml:2:11-69
uses-permission#android.permission.INTERNET
ADDED from src/main/AndroidManifest.xml:8:5-66
	android:name
		ADDED from src/main/AndroidManifest.xml:8:22-64
uses-permission#android.permission.WRITE_EXTERNAL_STORAGE
ADDED from src/main/AndroidManifest.xml:9:5-80
	android:name
		ADDED from src/main/AndroidManifest.xml:9:22-78
application
ADDED from src/main/AndroidManifest.xml:11:5-55:19
MERGED from [com.github.Raizlabs.DBFlow:dbflow:3.1.1] AndroidManifest.xml:11:5-20
MERGED from [com.android.support:appcompat-v7:24.2.1] AndroidManifest.xml:25:5-20
MERGED from [com.android.support:support-v4:24.2.1] AndroidManifest.xml:25:5-20
MERGED from [com.android.support:support-compat:24.2.1] AndroidManifest.xml:25:5-20
MERGED from [com.android.support:support-media-compat:24.2.1] AndroidManifest.xml:25:5-20
MERGED from [com.android.support:support-core-utils:24.2.1] AndroidManifest.xml:25:5-20
MERGED from [com.android.support:support-core-ui:24.2.1] AndroidManifest.xml:25:5-20
MERGED from [com.android.support:support-fragment:24.2.1] AndroidManifest.xml:25:5-20
MERGED from [com.android.support:support-vector-drawable:24.2.1] AndroidManifest.xml:23:5-20
MERGED from [com.android.support:animated-vector-drawable:24.2.1] AndroidManifest.xml:22:5-20
MERGED from [com.android.support:percent:24.2.1] AndroidManifest.xml:22:5-20
MERGED from [com.android.support:design:24.2.1] AndroidManifest.xml:22:5-20
	android:label
		ADDED from src/main/AndroidManifest.xml:15:9-41
	android:allowBackup
		ADDED from src/main/AndroidManifest.xml:13:9-35
	android:icon
		ADDED from src/main/AndroidManifest.xml:14:9-45
	android:theme
		ADDED from src/main/AndroidManifest.xml:16:9-40
	android:name
		ADDED from src/main/AndroidManifest.xml:12:9-43
meta-data#AA_DB_NAME
ADDED from src/main/AndroidManifest.xml:18:9-21:15
	android:value
		ADDED from src/main/AndroidManifest.xml:20:13-42
	android:name
		ADDED from src/main/AndroidManifest.xml:19:13-38
meta-data#AA_DB_VERSION
ADDED from src/main/AndroidManifest.xml:22:9-25:15
	android:value
		ADDED from src/main/AndroidManifest.xml:24:13-30
	android:name
		ADDED from src/main/AndroidManifest.xml:23:13-41
activity#com.yoav.twitterclient.LoginActivity
ADDED from src/main/AndroidManifest.xml:27:9-48:20
	android:label
		ADDED from src/main/AndroidManifest.xml:29:13-45
	android:theme
		ADDED from src/main/AndroidManifest.xml:30:13-44
	android:name
		ADDED from src/main/AndroidManifest.xml:28:13-42
intent-filter#android.intent.action.MAIN+android.intent.category.LAUNCHER
ADDED from src/main/AndroidManifest.xml:32:13-36:29
action#android.intent.action.MAIN
ADDED from src/main/AndroidManifest.xml:33:17-68
	android:name
		ADDED from src/main/AndroidManifest.xml:33:25-66
category#android.intent.category.LAUNCHER
ADDED from src/main/AndroidManifest.xml:35:17-76
	android:name
		ADDED from src/main/AndroidManifest.xml:35:27-74
intent-filter#android.intent.action.VIEW+android.intent.category.BROWSABLE+android.intent.category.DEFAULT
ADDED from src/main/AndroidManifest.xml:37:13-47:29
action#android.intent.action.VIEW
ADDED from src/main/AndroidManifest.xml:38:17-68
	android:name
		ADDED from src/main/AndroidManifest.xml:38:25-66
category#android.intent.category.DEFAULT
ADDED from src/main/AndroidManifest.xml:40:17-75
	android:name
		ADDED from src/main/AndroidManifest.xml:40:27-73
category#android.intent.category.BROWSABLE
ADDED from src/main/AndroidManifest.xml:41:17-77
	android:name
		ADDED from src/main/AndroidManifest.xml:41:27-75
data
ADDED from src/main/AndroidManifest.xml:43:17-46:23
	android:host
		ADDED from src/main/AndroidManifest.xml:44:21-59
	android:scheme
		ADDED from src/main/AndroidManifest.xml:45:21-43
activity#com.yoav.twitterclient.FeedActivity
ADDED from src/main/AndroidManifest.xml:49:9-54:20
	android:label
		ADDED from src/main/AndroidManifest.xml:51:13-56
	android:theme
		ADDED from src/main/AndroidManifest.xml:52:13-56
	android:name
		ADDED from src/main/AndroidManifest.xml:50:13-41
uses-sdk
INJECTED from src/main/AndroidManifest.xml reason: use-sdk injection requested
MERGED from [com.github.Raizlabs.DBFlow:dbflow:3.1.1] AndroidManifest.xml:7:5-9:41
MERGED from [com.codepath.libraries:android-oauth-handler:1.1.0] AndroidManifest.xml:7:5-9:41
MERGED from [com.android.support:appcompat-v7:24.2.1] AndroidManifest.xml:21:5-23:78
MERGED from [com.android.support:support-v4:24.2.1] AndroidManifest.xml:21:5-23:54
MERGED from [com.android.support:support-compat:24.2.1] AndroidManifest.xml:21:5-23:58
MERGED from [com.android.support:support-media-compat:24.2.1] AndroidManifest.xml:21:5-23:63
MERGED from [com.android.support:support-core-utils:24.2.1] AndroidManifest.xml:21:5-23:61
MERGED from [com.android.support:support-core-ui:24.2.1] AndroidManifest.xml:21:5-23:58
MERGED from [com.android.support:support-fragment:24.2.1] AndroidManifest.xml:21:5-23:60
MERGED from [com.android.support:support-vector-drawable:24.2.1] AndroidManifest.xml:21:5-43
MERGED from [com.android.support:animated-vector-drawable:24.2.1] AndroidManifest.xml:20:5-44
MERGED from [com.android.support:percent:24.2.1] AndroidManifest.xml:20:5-43
MERGED from [com.android.support:design:24.2.1] AndroidManifest.xml:20:5-43
MERGED from [com.android.support:recyclerview-v7:24.2.1] AndroidManifest.xml:20:5-43
	tools:overrideLibrary
		ADDED from [com.android.support:appcompat-v7:24.2.1] AndroidManifest.xml:23:9-75
	android:targetSdkVersion
		INJECTED from src/main/AndroidManifest.xml
		INJECTED from src/main/AndroidManifest.xml
	android:minSdkVersion
		INJECTED from src/main/AndroidManifest.xml
		INJECTED from src/main/AndroidManifest.xml